# JRE version: OpenJDK Runtime Environment (17.0.9) (build 17.0.9+0--11185874)
# Java VM: OpenJDK 64-Bit Server VM (17.0.9+0--11185874, mixed mode, tiered, compressed oops, compressed class ptrs, g1 gc, windows-amd64)
GC Precious Log:
 CPUs: 2 total, 2 available
 Memory: 3918M
 Large Page Support: Disabled
 NUMA Support: Disabled
 Compressed Oops: Enabled (32-bit)
 Heap Region Size: 1M
 Heap Min Capacity: 8M
 Heap Initial Capacity: 62M
 Heap Max Capacity: 2G
 Pre-touch: Disabled
 Parallel Workers: 2
 Concurrent Workers: 1
 Concurrent Refinement Workers: 2
 Periodic GC: Disabled
Heap:
 garbage-first heap   total 303104K, used 156103K [0x0000000080000000, 0x0000000100000000)
  region size 1024K, 6 young (6144K), 6 survivors (6144K)
 Metaspace       used 136049K, committed 137088K, reserved 1179648K
  class space    used 18638K, committed 19136K, reserved 1048576K
GC Heap History (20 events):
Event: 554.510 GC heap after
{Heap after GC invocations=87 (full 0):
 garbage-first heap   total 251904K, used 141873K [0x0000000080000000, 0x0000000100000000)
  region size 1024K, 7 young (7168K), 7 survivors (7168K)
 Metaspace       used 116331K, committed 117376K, reserved 1179648K
  class space    used 15925K, committed 16448K, reserved 1048576K
}
Event: 555.279 GC heap before
{Heap before GC invocations=87 (full 0):
 garbage-first heap   total 251904K, used 146993K [0x0000000080000000, 0x0000000100000000)
  region size 1024K, 12 young (12288K), 7 survivors (7168K)
 Metaspace       used 116335K, committed 117376K, reserved 1179648K
  class space    used 15926K, committed 16448K, reserved 1048576K
}
Event: 555.332 GC heap after
{Heap after GC invocations=88 (full 0):
 garbage-first heap   total 251904K, used 142899K [0x0000000080000000, 0x0000000100000000)
  region size 1024K, 2 young (2048K), 2 survivors (2048K)
 Metaspace       used 116335K, committed 117376K, reserved 1179648K
  class space    used 15926K, committed 16448K, reserved 1048576K
}
Event: 559.965 GC heap before
{Heap before GC invocations=88 (full 0):
 garbage-first heap   total 251904K, used 175667K [0x0000000080000000, 0x0000000100000000)
  region size 1024K, 34 young (34816K), 2 survivors (2048K)
 Metaspace       used 117135K, committed 118144K, reserved 1179648K
  class space    used 16034K, committed 16512K, reserved 1048576K
}
Event: 560.024 GC heap after
{Heap after GC invocations=89 (full 0):
 garbage-first heap   total 303104K, used 147863K [0x0000000080000000, 0x0000000100000000)
  region size 1024K, 5 young (5120K), 5 survivors (5120K)
 Metaspace       used 117135K, committed 118144K, reserved 1179648K
  class space    used 16034K, committed 16512K, reserved 1048576K
}
Event: 562.026 GC heap before
{Heap before GC invocations=89 (full 0):
 garbage-first heap   total 303104K, used 174487K [0x0000000080000000, 0x0000000100000000)
  region size 1024K, 32 young (32768K), 5 survivors (5120K)
 Metaspace       used 120113K, committed 121152K, reserved 1179648K
  class space    used 16437K, committed 16960K, reserved 1048576K
}
Event: 562.079 GC heap after
{Heap after GC invocations=90 (full 0):
 garbage-first heap   total 303104K, used 149355K [0x0000000080000000, 0x0000000100000000)
  region size 1024K, 2 young (2048K), 2 survivors (2048K)
 Metaspace       used 120113K, committed 121152K, reserved 1179648K
  class space    used 16437K, committed 16960K, reserved 1048576K
}
Event: 574.149 GC heap before
{Heap before GC invocations=90 (full 0):
 garbage-first heap   total 303104K, used 210795K [0x0000000080000000, 0x0000000100000000)
  region size 1024K, 63 young (64512K), 2 survivors (2048K)
 Metaspace       used 127842K, committed 128896K, reserved 1179648K
  class space    used 17552K, committed 18048K, reserved 1048576K
}
Event: 574.249 GC heap after
{Heap after GC invocations=91 (full 0):
 garbage-first heap   total 303104K, used 151182K [0x0000000080000000, 0x0000000100000000)
  region size 1024K, 4 young (4096K), 4 survivors (4096K)
 Metaspace       used 127842K, committed 128896K, reserved 1179648K
  class space    used 17552K, committed 18048K, reserved 1048576K
}
Event: 585.084 GC heap before
{Heap before GC invocations=91 (full 0):
 garbage-first heap   total 303104K, used 220814K [0x0000000080000000, 0x0000000100000000)
  region size 1024K, 72 young (73728K), 4 survivors (4096K)
 Metaspace       used 131844K, committed 132864K, reserved 1179648K
  class space    used 18023K, committed 18496K, reserved 1048576K
}
Event: 585.108 GC heap after
{Heap after GC invocations=92 (full 0):
 garbage-first heap   total 303104K, used 151645K [0x0000000080000000, 0x0000000100000000)
  region size 1024K, 4 young (4096K), 4 survivors (4096K)
 Metaspace       used 131844K, committed 132864K, reserved 1179648K
  class space    used 18023K, committed 18496K, reserved 1048576K
}
Event: 613.307 GC heap before
{Heap before GC invocations=92 (full 0):
 garbage-first heap   total 303104K, used 235613K [0x0000000080000000, 0x0000000100000000)
  region size 1024K, 80 young (81920K), 4 survivors (4096K)
 Metaspace       used 136049K, committed 137088K, reserved 1179648K
  class space    used 18638K, committed 19136K, reserved 1048576K
}
Event: 613.353 GC heap after
{Heap after GC invocations=93 (full 0):
 garbage-first heap   total 303104K, used 156015K [0x0000000080000000, 0x0000000100000000)
  region size 1024K, 6 young (6144K), 6 survivors (6144K)
 Metaspace       used 136049K, committed 137088K, reserved 1179648K
  class space    used 18638K, committed 19136K, reserved 1048576K
}
Event: 613.369 GC heap before
{Heap before GC invocations=93 (full 0):
 garbage-first heap   total 303104K, used 162159K [0x0000000080000000, 0x0000000100000000)
  region size 1024K, 7 young (7168K), 6 survivors (6144K)
 Metaspace       used 136049K, committed 137088K, reserved 1179648K
  class space    used 18638K, committed 19136K, reserved 1048576K
}
Event: 613.390 GC heap after
{Heap after GC invocations=94 (full 0):
 garbage-first heap   total 303104K, used 156088K [0x0000000080000000, 0x0000000100000000)
  region size 1024K, 6 young (6144K), 6 survivors (6144K)
 Metaspace       used 136049K, committed 137088K, reserved 1179648K
  class space    used 18638K, committed 19136K, reserved 1048576K
}
Event: 613.397 GC heap before
{Heap before GC invocations=94 (full 0):
 garbage-first heap   total 303104K, used 160184K [0x0000000080000000, 0x0000000100000000)
  region size 1024K, 7 young (7168K), 6 survivors (6144K)
 Metaspace       used 136049K, committed 137088K, reserved 1179648K
  class space    used 18638K, committed 19136K, reserved 1048576K
}
Event: 613.415 GC heap after
{Heap after GC invocations=95 (full 0):
 garbage-first heap   total 303104K, used 156103K [0x0000000080000000, 0x0000000100000000)
  region size 1024K, 6 young (6144K), 6 survivors (6144K)
 Metaspace       used 136049K, committed 137088K, reserved 1179648K
  class space    used 18638K, committed 19136K, reserved 1048576K
}
Event: 613.424 GC heap before
{Heap before GC invocations=95 (full 0):
 garbage-first heap   total 303104K, used 158151K [0x0000000080000000, 0x0000000100000000)
  region size 1024K, 7 young (7168K), 6 survivors (6144K)
 Metaspace       used 136049K, committed 137088K, reserved 1179648K
  class space    used 18638K, committed 19136K, reserved 1048576K
}
Event: 613.443 GC heap after
{Heap after GC invocations=96 (full 0):
 garbage-first heap   total 303104K, used 156103K [0x0000000080000000, 0x0000000100000000)
  region size 1024K, 6 young (6144K), 6 survivors (6144K)
 Metaspace       used 136049K, committed 137088K, reserved 1179648K
  class space    used 18638K, committed 19136K, reserved 1048576K
}
Event: 613.447 GC heap before
{Heap before GC invocations=96 (full 0):
 garbage-first heap   total 303104K, used 158151K [0x0000000080000000, 0x0000000100000000)
  region size 1024K, 7 young (7168K), 6 survivors (6144K)
 Metaspace       used 136049K, committed 137088K, reserved 1179648K
  class space    used 18638K, committed 19136K, reserved 1048576K
}

