# JRE version: OpenJDK Runtime Environment (17.0.9) (build 17.0.9+0--11185874)
# Java VM: OpenJDK 64-Bit Server VM (17.0.9+0--11185874, mixed mode, tiered, compressed oops, compressed class ptrs, g1 gc, windows-amd64)
GC Precious Log:
 CPUs: 2 total, 2 available
 Memory: 3918M
 Large Page Support: Disabled
 NUMA Support: Disabled
 Compressed Oops: Enabled (32-bit)
 Heap Region Size: 1M
 Heap Min Capacity: 8M
 Heap Initial Capacity: 62M
 Heap Max Capacity: 2G
 Pre-touch: Disabled
 Parallel Workers: 2
 Concurrent Workers: 1
 Concurrent Refinement Workers: 2
 Periodic GC: Disabled
Heap:
 garbage-first heap   total 473088K, used 250516K [0x0000000080000000, 0x0000000100000000)
  region size 1024K, 3 young (3072K), 3 survivors (3072K)
 Metaspace       used 140520K, committed 141568K, reserved 1179648K
  class space    used 18788K, committed 19328K, reserved 1048576K
GC Heap History (20 events):
Event: 3629.562 GC heap after
{Heap after GC invocations=86 (full 0):
 garbage-first heap   total 318464K, used 271542K [0x0000000080000000, 0x0000000100000000)
  region size 1024K, 2 young (2048K), 2 survivors (2048K)
 Metaspace       used 136799K, committed 138048K, reserved 1179648K
  class space    used 18326K, committed 18944K, reserved 1048576K
}
Event: 3635.736 GC heap before
{Heap before GC invocations=86 (full 0):
 garbage-first heap   total 318464K, used 284854K [0x0000000080000000, 0x0000000100000000)
  region size 1024K, 15 young (15360K), 2 survivors (2048K)
 Metaspace       used 136829K, committed 138048K, reserved 1179648K
  class space    used 18328K, committed 18944K, reserved 1048576K
}
Event: 3635.765 GC heap after
{Heap after GC invocations=87 (full 0):
 garbage-first heap   total 318464K, used 273454K [0x0000000080000000, 0x0000000100000000)
  region size 1024K, 2 young (2048K), 2 survivors (2048K)
 Metaspace       used 136829K, committed 138048K, reserved 1179648K
  class space    used 18328K, committed 18944K, reserved 1048576K
}
Event: 3637.255 GC heap before
{Heap before GC invocations=87 (full 0):
 garbage-first heap   total 318464K, used 286766K [0x0000000080000000, 0x0000000100000000)
  region size 1024K, 15 young (15360K), 2 survivors (2048K)
 Metaspace       used 136871K, committed 138112K, reserved 1179648K
  class space    used 18328K, committed 18944K, reserved 1048576K
}
Event: 3637.276 GC heap after
{Heap after GC invocations=88 (full 0):
 garbage-first heap   total 318464K, used 274278K [0x0000000080000000, 0x0000000100000000)
  region size 1024K, 1 young (1024K), 1 survivors (1024K)
 Metaspace       used 136871K, committed 138112K, reserved 1179648K
  class space    used 18328K, committed 18944K, reserved 1048576K
}
Event: 3637.502 GC heap before
{Heap before GC invocations=88 (full 0):
 garbage-first heap   total 318464K, used 288614K [0x0000000080000000, 0x0000000100000000)
  region size 1024K, 15 young (15360K), 1 survivors (1024K)
 Metaspace       used 136876K, committed 138112K, reserved 1179648K
  class space    used 18329K, committed 18944K, reserved 1048576K
}
Event: 3637.575 GC heap after
{Heap after GC invocations=89 (full 0):
 garbage-first heap   total 318464K, used 282946K [0x0000000080000000, 0x0000000100000000)
  region size 1024K, 2 young (2048K), 2 survivors (2048K)
 Metaspace       used 136876K, committed 138112K, reserved 1179648K
  class space    used 18329K, committed 18944K, reserved 1048576K
}
Event: 3637.872 GC heap before
{Heap before GC invocations=89 (full 0):
 garbage-first heap   total 318464K, used 296258K [0x0000000080000000, 0x0000000100000000)
  region size 1024K, 15 young (15360K), 2 survivors (2048K)
 Metaspace       used 136880K, committed 138112K, reserved 1179648K
  class space    used 18329K, committed 18944K, reserved 1048576K
}
Event: 3637.930 GC heap after
{Heap after GC invocations=90 (full 0):
 garbage-first heap   total 318464K, used 286720K [0x0000000080000000, 0x0000000100000000)
  region size 1024K, 2 young (2048K), 2 survivors (2048K)
 Metaspace       used 136880K, committed 138112K, reserved 1179648K
  class space    used 18329K, committed 18944K, reserved 1048576K
}
Event: 3654.312 GC heap before
{Heap before GC invocations=91 (full 0):
 garbage-first heap   total 473088K, used 291840K [0x0000000080000000, 0x0000000100000000)
  region size 1024K, 15 young (15360K), 2 survivors (2048K)
 Metaspace       used 136103K, committed 138176K, reserved 1179648K
  class space    used 18161K, committed 19008K, reserved 1048576K
}
Event: 3654.555 GC heap after
{Heap after GC invocations=92 (full 0):
 garbage-first heap   total 473088K, used 280147K [0x0000000080000000, 0x0000000100000000)
  region size 1024K, 2 young (2048K), 2 survivors (2048K)
 Metaspace       used 136103K, committed 138176K, reserved 1179648K
  class space    used 18161K, committed 19008K, reserved 1048576K
}
Event: 3767.012 GC heap before
{Heap before GC invocations=92 (full 0):
 garbage-first heap   total 473088K, used 300627K [0x0000000080000000, 0x0000000100000000)
  region size 1024K, 23 young (23552K), 2 survivors (2048K)
 Metaspace       used 136259K, committed 138240K, reserved 1179648K
  class space    used 18180K, committed 19008K, reserved 1048576K
}
Event: 3767.381 GC heap after
{Heap after GC invocations=93 (full 0):
 garbage-first heap   total 473088K, used 270828K [0x0000000080000000, 0x0000000100000000)
  region size 1024K, 2 young (2048K), 2 survivors (2048K)
 Metaspace       used 136259K, committed 138240K, reserved 1179648K
  class space    used 18180K, committed 19008K, reserved 1048576K
}
Event: 3777.752 GC heap before
{Heap before GC invocations=93 (full 0):
 garbage-first heap   total 473088K, used 291308K [0x0000000080000000, 0x0000000100000000)
  region size 1024K, 23 young (23552K), 2 survivors (2048K)
 Metaspace       used 136693K, committed 138240K, reserved 1179648K
  class space    used 18247K, committed 19008K, reserved 1048576K
}
Event: 3777.986 GC heap after
{Heap after GC invocations=94 (full 0):
 garbage-first heap   total 473088K, used 266719K [0x0000000080000000, 0x0000000100000000)
  region size 1024K, 3 young (3072K), 3 survivors (3072K)
 Metaspace       used 136693K, committed 138240K, reserved 1179648K
  class space    used 18247K, committed 19008K, reserved 1048576K
}
Event: 3780.260 GC heap before
{Heap before GC invocations=94 (full 0):
 garbage-first heap   total 473088K, used 286175K [0x0000000080000000, 0x0000000100000000)
  region size 1024K, 23 young (23552K), 3 survivors (3072K)
 Metaspace       used 137127K, committed 138368K, reserved 1179648K
  class space    used 18300K, committed 19008K, reserved 1048576K
}
Event: 3780.497 GC heap after
{Heap after GC invocations=95 (full 0):
 garbage-first heap   total 473088K, used 262860K [0x0000000080000000, 0x0000000100000000)
  region size 1024K, 3 young (3072K), 3 survivors (3072K)
 Metaspace       used 137127K, committed 138368K, reserved 1179648K
  class space    used 18300K, committed 19008K, reserved 1048576K
}
Event: 3788.077 GC heap before
{Heap before GC invocations=95 (full 0):
 garbage-first heap   total 473088K, used 282316K [0x0000000080000000, 0x0000000100000000)
  region size 1024K, 23 young (23552K), 3 survivors (3072K)
 Metaspace       used 137947K, committed 139008K, reserved 1179648K
  class space    used 18435K, committed 19008K, reserved 1048576K
}
Event: 3788.494 GC heap after
{Heap after GC invocations=96 (full 0):
 garbage-first heap   total 473088K, used 256591K [0x0000000080000000, 0x0000000100000000)
  region size 1024K, 2 young (2048K), 2 survivors (2048K)
 Metaspace       used 137947K, committed 139008K, reserved 1179648K
  class space    used 18435K, committed 19008K, reserved 1048576K
}
Event: 3798.606 GC heap before
{Heap before GC invocations=96 (full 0):
 garbage-first heap   total 473088K, used 277071K [0x0000000080000000, 0x0000000100000000)
  region size 1024K, 23 young (23552K), 2 survivors (2048K)
 Metaspace       used 140520K, committed 141568K, reserved 1179648K
  class space    used 18788K, committed 19328K, reserved 1048576K
}

